# JRE version: Java(TM) SE Runtime Environment (8.0_92-b14) (build 1.8.0_92-b14)
# Java VM: Java HotSpot(TM) Client VM (25.92-b14 mixed mode windows-x86 )
Heap:
 def new generation   total 39424K, used 32227K [0x04c00000, 0x076c0000, 0x0f6a0000)
  eden space 35072K,  91% used [0x04c00000, 0x06b75780, 0x06e40000)
  from space 4352K,   0% used [0x07280000, 0x072837c0, 0x076c0000)
  to   space 4352K,   0% used [0x06e40000, 0x06e40000, 0x07280000)
 tenured generation   total 87424K, used 62844K [0x0f6a0000, 0x14c00000, 0x24c00000)
   the space 87424K,  71% used [0x0f6a0000, 0x133ff1c8, 0x133ff200, 0x14c00000)
 Metaspace       used 18928K, capacity 19369K, committed 19456K, reserved 19840K
GC Heap History (10 events):
Event: 7419.844 GC heap before
{Heap before GC invocations=61 (full 1):
 def new generation   total 39424K, used 35081K [0x04c00000, 0x076c0000, 0x0f6a0000)
  eden space 35072K, 100% used [0x04c00000, 0x06e40000, 0x06e40000)
  from space 4352K,   0% used [0x06e40000, 0x06e42438, 0x07280000)
  to   space 4352K,   0% used [0x07280000, 0x07280000, 0x076c0000)
 tenured generation   total 87424K, used 62844K [0x0f6a0000, 0x14c00000, 0x24c00000)
   the space 87424K,  71% used [0x0f6a0000, 0x133ff1c8, 0x133ff200, 0x14c00000)
 Metaspace       used 18928K, capacity 19369K, committed 19456K, reserved 19840K
Event: 7419.845 GC heap after
Heap after GC invocations=62 (full 1):
 def new generation   total 39424K, used 9K [0x04c00000, 0x076c0000, 0x0f6a0000)
  eden space 35072K,   0% used [0x04c00000, 0x04c00000, 0x06e40000)
  from space 4352K,   0% used [0x07280000, 0x07282698, 0x076c0000)
  to   space 4352K,   0% used [0x06e40000, 0x06e40000, 0x07280000)
 tenured generation   total 87424K, used 62844K [0x0f6a0000, 0x14c00000, 0x24c00000)
   the space 87424K,  71% used [0x0f6a0000, 0x133ff1c8, 0x133ff200, 0x14c00000)
 Metaspace       used 18928K, capacity 19369K, committed 19456K, reserved 19840K
}
Event: 7422.733 GC heap before
{Heap before GC invocations=62 (full 1):
 def new generation   total 39424K, used 35081K [0x04c00000, 0x076c0000, 0x0f6a0000)
  eden space 35072K, 100% used [0x04c00000, 0x06e40000, 0x06e40000)
  from space 4352K,   0% used [0x07280000, 0x07282698, 0x076c0000)
  to   space 4352K,   0% used [0x06e40000, 0x06e40000, 0x07280000)
 tenured generation   total 87424K, used 62844K [0x0f6a0000, 0x14c00000, 0x24c00000)
   the space 87424K,  71% used [0x0f6a0000, 0x133ff1c8, 0x133ff200, 0x14c00000)
 Metaspace       used 18928K, capacity 19369K, committed 19456K, reserved 19840K
Event: 7422.734 GC heap after
Heap after GC invocations=63 (full 1):
 def new generation   total 39424K, used 9K [0x04c00000, 0x076c0000, 0x0f6a0000)
  eden space 35072K,   0% used [0x04c00000, 0x04c00000, 0x06e40000)
  from space 4352K,   0% used [0x06e40000, 0x06e425b8, 0x07280000)
  to   space 4352K,   0% used [0x07280000, 0x07280000, 0x076c0000)
 tenured generation   total 87424K, used 62844K [0x0f6a0000, 0x14c00000, 0x24c00000)
   the space 87424K,  71% used [0x0f6a0000, 0x133ff1c8, 0x133ff200, 0x14c00000)
 Metaspace       used 18928K, capacity 19369K, committed 19456K, reserved 19840K
}
Event: 7425.617 GC heap before
{Heap before GC invocations=63 (full 1):
 def new generation   total 39424K, used 35081K [0x04c00000, 0x076c0000, 0x0f6a0000)
  eden space 35072K, 100% used [0x04c00000, 0x06e40000, 0x06e40000)
  from space 4352K,   0% used [0x06e40000, 0x06e425b8, 0x07280000)
  to   space 4352K,   0% used [0x07280000, 0x07280000, 0x076c0000)
 tenured generation   total 87424K, used 62844K [0x0f6a0000, 0x14c00000, 0x24c00000)
   the space 87424K,  71% used [0x0f6a0000, 0x133ff1c8, 0x133ff200, 0x14c00000)
 Metaspace       used 18928K, capacity 19369K, committed 19456K, reserved 19840K
Event: 7425.618 GC heap after
Heap after GC invocations=64 (full 1):
 def new generation   total 39424K, used 9K [0x04c00000, 0x076c0000, 0x0f6a0000)
  eden space 35072K,   0% used [0x04c00000, 0x04c00000, 0x06e40000)
  from space 4352K,   0% used [0x07280000, 0x072825a8, 0x076c0000)
  to   space 4352K,   0% used [0x06e40000, 0x06e40000, 0x07280000)
 tenured generation   total 87424K, used 62844K [0x0f6a0000, 0x14c00000, 0x24c00000)
   the space 87424K,  71% used [0x0f6a0000, 0x133ff1c8, 0x133ff200, 0x14c00000)
 Metaspace       used 18928K, capacity 19369K, committed 19456K, reserved 19840K
}
Event: 7428.499 GC heap before
{Heap before GC invocations=64 (full 1):
 def new generation   total 39424K, used 35081K [0x04c00000, 0x076c0000, 0x0f6a0000)
  eden space 35072K, 100% used [0x04c00000, 0x06e40000, 0x06e40000)
  from space 4352K,   0% used [0x07280000, 0x072825a8, 0x076c0000)
  to   space 4352K,   0% used [0x06e40000, 0x06e40000, 0x07280000)
 tenured generation   total 87424K, used 62844K [0x0f6a0000, 0x14c00000, 0x24c00000)
   the space 87424K,  71% used [0x0f6a0000, 0x133ff1c8, 0x133ff200, 0x14c00000)
 Metaspace       used 18928K, capacity 19369K, committed 19456K, reserved 19840K
Event: 7428.500 GC heap after
Heap after GC invocations=65 (full 1):
 def new generation   total 39424K, used 9K [0x04c00000, 0x076c0000, 0x0f6a0000)
  eden space 35072K,   0% used [0x04c00000, 0x04c00000, 0x06e40000)
  from space 4352K,   0% used [0x06e40000, 0x06e426a0, 0x07280000)
  to   space 4352K,   0% used [0x07280000, 0x07280000, 0x076c0000)
 tenured generation   total 87424K, used 62844K [0x0f6a0000, 0x14c00000, 0x24c00000)
   the space 87424K,  71% used [0x0f6a0000, 0x133ff1c8, 0x133ff200, 0x14c00000)
 Metaspace       used 18928K, capacity 19369K, committed 19456K, reserved 19840K
}
Event: 7431.405 GC heap before
{Heap before GC invocations=65 (full 1):
 def new generation   total 39424K, used 35081K [0x04c00000, 0x076c0000, 0x0f6a0000)
  eden space 35072K, 100% used [0x04c00000, 0x06e40000, 0x06e40000)
  from space 4352K,   0% used [0x06e40000, 0x06e426a0, 0x07280000)
  to   space 4352K,   0% used [0x07280000, 0x07280000, 0x076c0000)
 tenured generation   total 87424K, used 62844K [0x0f6a0000, 0x14c00000, 0x24c00000)
   the space 87424K,  71% used [0x0f6a0000, 0x133ff1c8, 0x133ff200, 0x14c00000)
 Metaspace       used 18928K, capacity 19369K, committed 19456K, reserved 19840K
Event: 7431.406 GC heap after
Heap after GC invocations=66 (full 1):
 def new generation   total 39424K, used 13K [0x04c00000, 0x076c0000, 0x0f6a0000)
  eden space 35072K,   0% used [0x04c00000, 0x04c00000, 0x06e40000)
  from space 4352K,   0% used [0x07280000, 0x072837c0, 0x076c0000)
  to   space 4352K,   0% used [0x06e40000, 0x06e40000, 0x07280000)
 tenured generation   total 87424K, used 62844K [0x0f6a0000, 0x14c00000, 0x24c00000)
   the space 87424K,  71% used [0x0f6a0000, 0x133ff1c8, 0x133ff200, 0x14c00000)
 Metaspace       used 18928K, capacity 19369K, committed 19456K, reserved 19840K
}

